生成启动时间为 2021/1/5 22:45:44。
     1>项目“C:\Users\wangzhao\Documents\Visual Studio 2013\Projects\DetectionTree\DetectionTree\DetectionTree.vcxproj”在节点 2 上(Build 个目标)。
     1>ClCompile:
         D:\vs2013\VC\bin\CL.exe /c /ZI /nologo /W3 /WX- /sdl /Od /Oy- /D WIN32 /D _DEBUG /D _CONSOLE /D _LIB /D _UNICODE /D UNICODE /Gm /EHsc /RTC1 /MDd /GS /fp:precise /Zc:wchar_t /Zc:forScope /Fo"Debug\\" /Fd"Debug\vc120.pdb" /Gd /TP /analyze- /errorReport:prompt DetectionTree.cpp main.cpp
         DetectionTree.cpp
     1>c:\users\wangzhao\documents\visual studio 2013\projects\detectiontree\detectiontree\detectiontree.cpp(31): warning C4018: “<”: 有符号/无符号不匹配
     1>c:\users\wangzhao\documents\visual studio 2013\projects\detectiontree\detectiontree\detectiontree.cpp(37): warning C4018: “<”: 有符号/无符号不匹配
     1>c:\users\wangzhao\documents\visual studio 2013\projects\detectiontree\detectiontree\detectiontree.cpp(149): warning C4244: “初始化”: 从“float”转换到“int”，可能丢失数据
     1>c:\users\wangzhao\documents\visual studio 2013\projects\detectiontree\detectiontree\detectiontree.cpp(158): warning C4244: “初始化”: 从“float”转换到“int”，可能丢失数据
     1>c:\users\wangzhao\documents\visual studio 2013\projects\detectiontree\detectiontree\detectiontree.cpp(162): warning C4244: “=”: 从“int”转换到“float”，可能丢失数据
     1>c:\users\wangzhao\documents\visual studio 2013\projects\detectiontree\detectiontree\detectiontree.cpp(174): warning C4018: “<”: 有符号/无符号不匹配
         正在生成代码...
         正在编译...
         main.cpp
         正在生成代码...
       Link:
         D:\vs2013\VC\bin\link.exe /ERRORREPORT:PROMPT /OUT:"C:\Users\wangzhao\Documents\Visual Studio 2013\Projects\DetectionTree\Debug\DetectionTree.exe" /INCREMENTAL /NOLOGO opencv_ml249d.lib opencv_calib3d249d.lib opencv_contrib249d.lib opencv_core249d.lib opencv_features2d249d.lib opencv_flann249d.lib opencv_gpu249d.lib opencv_highgui249d.lib opencv_imgproc249d.lib opencv_legacy249d.lib opencv_objdetect249d.lib opencv_ts249d.lib opencv_video249d.lib opencv_nonfree249d.lib opencv_ocl249d.lib opencv_photo249d.lib opencv_stitching249d.lib opencv_superres249d.lib opencv_videostab249d.lib opencv_objdetect249.lib opencv_ts249.lib opencv_video249.lib opencv_nonfree249.lib opencv_ocl249.lib opencv_photo249.lib opencv_stitching249.lib opencv_superres249.lib opencv_videostab249.lib opencv_calib3d249.lib opencv_contrib249.lib opencv_core249.lib opencv_features2d249.lib opencv_flann249.lib opencv_gpu249.lib opencv_highgui249.lib opencv_imgproc249.lib opencv_legacy249.lib opencv_ml249.lib kernel32.lib user32.lib gdi32.lib winspool.lib comdlg32.lib advapi32.lib shell32.lib ole32.lib oleaut32.lib uuid.lib odbc32.lib odbccp32.lib /MANIFEST /MANIFESTUAC:"level='asInvoker' uiAccess='false'" /manifest:embed /DEBUG /PDB:"C:\Users\wangzhao\Documents\Visual Studio 2013\Projects\DetectionTree\Debug\DetectionTree.pdb" /SUBSYSTEM:CONSOLE /TLBID:1 /DYNAMICBASE /NXCOMPAT /IMPLIB:"C:\Users\wangzhao\Documents\Visual Studio 2013\Projects\DetectionTree\Debug\DetectionTree.lib" /MACHINE:X86 Debug\DetectionTree.obj
         Debug\main.obj
         Debug\stdafx.obj
         DetectionTree.vcxproj -> C:\Users\wangzhao\Documents\Visual Studio 2013\Projects\DetectionTree\Debug\DetectionTree.exe
     1>已完成生成项目“C:\Users\wangzhao\Documents\Visual Studio 2013\Projects\DetectionTree\DetectionTree\DetectionTree.vcxproj”(Build 个目标)的操作。

生成成功。

已用时间 00:00:01.34
